<?xml version="1.0" encoding="UTF-8"?>
<!-- Generated by org.testng.reporters.JUnitXMLReporter -->
<testsuite ignored="0" hostname="LSTKMY232078" failures="0" tests="3" name="Default test" time="0.105" errors="0" timestamp="2023-04-27T15:53:06 CDT">
  <testcase classname="com.poc.selenium.DataProviderCSV_Example" name="testLogin" time="0.012"/>
  <testcase classname="com.poc.selenium.DataProviderCSV_Example" name="testLogin" time="0.002"/>
  <testcase classname="com.poc.selenium.DataProviderCSV_Example" name="testLogin" time="0.002"/>
</testsuite> <!-- Default test -->
