<?xml version="1.0" encoding="UTF-8"?>
<testng-results ignored="0" total="3" passed="3" failed="0" skipped="0">
  <reporter-output>
  </reporter-output>
  <suite started-at="2023-04-27T15:53:06 CDT" name="Default suite" finished-at="2023-04-27T15:53:06 CDT" duration-ms="105">
    <groups>
    </groups>
    <test started-at="2023-04-27T15:53:06 CDT" name="Default test" finished-at="2023-04-27T15:53:06 CDT" duration-ms="105">
      <class name="com.poc.selenium.DataProviderCSV_Example">
        <test-method signature="testLogin(java.lang.String,java.lang.String)[pri:0, instance:com.poc.selenium.DataProviderCSV_Example@1cbb87f3]" started-at="2023-04-27T15:53:06 CDT" name="testLogin" data-provider="loginData" finished-at="2023-04-27T15:53:06 CDT" duration-ms="12" status="PASS">
          <params>
            <param index="0">
              <value>
                <![CDATA[﻿user]]>
              </value>
            </param>
            <param index="1">
              <value>
                <![CDATA[password]]>
              </value>
            </param>
          </params>
          <reporter-output>
          </reporter-output>
        </test-method> <!-- testLogin -->
        <test-method signature="testLogin(java.lang.String,java.lang.String)[pri:0, instance:com.poc.selenium.DataProviderCSV_Example@1cbb87f3]" started-at="2023-04-27T15:53:06 CDT" name="testLogin" data-provider="loginData" finished-at="2023-04-27T15:53:06 CDT" duration-ms="2" status="PASS">
          <params>
            <param index="0">
              <value>
                <![CDATA[jose.tester]]>
              </value>
            </param>
            <param index="1">
              <value>
                <![CDATA[S0f773k.001]]>
              </value>
            </param>
          </params>
          <reporter-output>
          </reporter-output>
        </test-method> <!-- testLogin -->
        <test-method signature="testLogin(java.lang.String,java.lang.String)[pri:0, instance:com.poc.selenium.DataProviderCSV_Example@1cbb87f3]" started-at="2023-04-27T15:53:06 CDT" name="testLogin" data-provider="loginData" finished-at="2023-04-27T15:53:06 CDT" duration-ms="2" status="PASS">
          <params>
            <param index="0">
              <value>
                <![CDATA[tester2]]>
              </value>
            </param>
            <param index="1">
              <value>
                <![CDATA[S0f773k.001]]>
              </value>
            </param>
          </params>
          <reporter-output>
          </reporter-output>
        </test-method> <!-- testLogin -->
      </class> <!-- com.poc.selenium.DataProviderCSV_Example -->
    </test> <!-- Default test -->
  </suite> <!-- Default suite -->
</testng-results>
