<?xml version="1.0" encoding="UTF-8"?>
<!-- Generated by org.testng.reporters.JUnitXMLReporter -->
<testsuite ignored="0" hostname="jagalvanr-selenium3xexa-ihe823ihuu9" failures="0" tests="2" name="Smoke - Chrome" time="12.478" errors="0" timestamp="24 Apr 2023 21:21:15 GMT">
  <testcase classname="com.advantage.bsn.Selenium_CreateAccount" name="testGotoUrl" time="4.658"/>
  <testcase classname="com.advantage.bsn.Selenium_CreateAccount" name="testCreateAccount" time="6.412"/>
</testsuite> <!-- Smoke - Chrome -->
