<?xml version="1.0" encoding="UTF-8"?>
<!-- Generated by org.testng.reporters.JUnitXMLReporter -->
<testsuite ignored="6" hostname="LSTKMY232078" failures="0" tests="4" name="Smoke - Chrome" time="72.344" errors="0" timestamp="2024-02-21T23:59:07 CST">
  <testcase classname="com.advantage.bsn.Selenium_CreateAccount" name="testGotoUrl" time="10.37"/>
  <testcase classname="com.advantage.bsn.Selenium_CreateAccount" name="testCreateAccount" time="7.682"/>
  <testcase classname="com.advantage.bsn.Selenium_ContactUs" name="testContactUs" time="17.237"/>
  <testcase classname="com.advantage.bsn.Selenium_ChatWithUs" name="chatWithUs" time="7.502"/>
  <testcase classname="com.fmk.base.TSD_BaseClassDrivers" name="@AfterSuite afterSuite" time="0.0">
    <ignored/>
  </testcase> <!-- @AfterSuite afterSuite -->
  <testcase classname="com.fmk.base.TSD_BaseClassDrivers" name="@AfterSuite afterSuite" time="0.0">
    <ignored/>
  </testcase> <!-- @AfterSuite afterSuite -->
  <testcase classname="com.fmk.base.TSD_BaseClassDrivers" name="@BeforeSuite SetupEnv" time="0.0">
    <ignored/>
  </testcase> <!-- @BeforeSuite SetupEnv -->
  <testcase classname="com.fmk.base.TSD_BaseClassDrivers" name="@BeforeSuite SetupEnv" time="0.0">
    <ignored/>
  </testcase> <!-- @BeforeSuite SetupEnv -->
  <testcase classname="com.fmk.base.TSD_BaseClassDrivers" name="@BeforeTest SetupTestSuite" time="0.0">
    <ignored/>
  </testcase> <!-- @BeforeTest SetupTestSuite -->
  <testcase classname="com.fmk.base.TSD_BaseClassDrivers" name="@BeforeTest SetupTestSuite" time="0.0">
    <ignored/>
  </testcase> <!-- @BeforeTest SetupTestSuite -->
</testsuite> <!-- Smoke - Chrome -->
