<?xml version="1.0" encoding="UTF-8"?>
<testng-results skipped="0" failed="2" ignored="0" total="2" passed="0">
  <reporter-output>
  </reporter-output>
  <suite name="Advantange Shopping Regression Suite" duration-ms="749" started-at="2023-04-24T19:19:05Z" finished-at="2023-04-24T19:19:06Z">
    <groups>
    </groups>
    <test name="Smoke - Chrome" duration-ms="749" started-at="2023-04-24T19:19:05Z" finished-at="2023-04-24T19:19:06Z">
      <class name="com.advantage.bsn.Selenium_CreateAccount">
        <test-method status="PASS" signature="SetupEnv(org.testng.ITestContext)[pri:0, instance:com.advantage.bsn.Selenium_CreateAccount@3fb6a447]" name="SetupEnv" is-config="true" duration-ms="16" started-at="2023-04-24T19:19:05Z" finished-at="2023-04-24T19:19:05Z">
          <params>
            <param index="0">
              <value>
                <![CDATA[org.testng.TestRunner@31e5415e]]>
              </value>
            </param>
          </params>
          <reporter-output>
          </reporter-output>
        </test-method> <!-- SetupEnv -->
        <test-method status="PASS" signature="SetupTestSuite(java.lang.String, java.lang.String)[pri:0, instance:com.advantage.bsn.Selenium_CreateAccount@3fb6a447]" name="SetupTestSuite" is-config="true" duration-ms="3" started-at="2023-04-24T19:19:05Z" finished-at="2023-04-24T19:19:05Z">
          <params>
            <param index="0">
              <value>
                <![CDATA[chrome]]>
              </value>
            </param>
            <param index="1">
              <value>
                <![CDATA[4444]]>
              </value>
            </param>
          </params>
          <reporter-output>
          </reporter-output>
        </test-method> <!-- SetupTestSuite -->
        <test-method status="PASS" signature="setUpClass()[pri:0, instance:com.advantage.bsn.Selenium_CreateAccount@3fb6a447]" name="setUpClass" is-config="true" duration-ms="733" started-at="2023-04-24T19:19:05Z" finished-at="2023-04-24T19:19:06Z">
          <reporter-output>
          </reporter-output>
        </test-method> <!-- setUpClass -->
        <test-method status="FAIL" signature="testGotoUrl()[pri:5, instance:com.advantage.bsn.Selenium_CreateAccount@3fb6a447]" name="testGotoUrl" duration-ms="1" started-at="2023-04-24T19:19:06Z" description="Goto URL" finished-at="2023-04-24T19:19:06Z">
          <exception class="java.lang.AssertionError">
            <message>
              <![CDATA[null]]>
            </message>
            <full-stacktrace>
              <![CDATA[java.lang.AssertionError: null
at org.testng.Assert.fail(Assert.java:96)
at com.advantage.bsn.Selenium_CreateAccount.testGotoUrl(Selenium_CreateAccount.java:33)
at sun.reflect.NativeMethodAccessorImpl.invoke0(Native Method)
at sun.reflect.NativeMethodAccessorImpl.invoke(NativeMethodAccessorImpl.java:62)
at sun.reflect.DelegatingMethodAccessorImpl.invoke(DelegatingMethodAccessorImpl.java:43)
at java.lang.reflect.Method.invoke(Method.java:498)
at org.testng.internal.MethodInvocationHelper.invokeMethod(MethodInvocationHelper.java:124)
at org.testng.internal.Invoker.invokeMethod(Invoker.java:583)
at org.testng.internal.Invoker.invokeTestMethod(Invoker.java:719)
at org.testng.internal.Invoker.invokeTestMethods(Invoker.java:989)
at org.testng.internal.TestMethodWorker.invokeTestMethods(TestMethodWorker.java:125)
at org.testng.internal.TestMethodWorker.run(TestMethodWorker.java:109)
at org.testng.TestRunner.privateRun(TestRunner.java:648)
at org.testng.TestRunner.run(TestRunner.java:505)
at org.testng.SuiteRunner.runTest(SuiteRunner.java:455)
at org.testng.SuiteRunner.runSequentially(SuiteRunner.java:450)
at org.testng.SuiteRunner.privateRun(SuiteRunner.java:415)
at org.testng.SuiteRunner.run(SuiteRunner.java:364)
at org.testng.SuiteRunnerWorker.runSuite(SuiteRunnerWorker.java:52)
at org.testng.SuiteRunnerWorker.run(SuiteRunnerWorker.java:84)
at org.testng.TestNG.runSuitesSequentially(TestNG.java:1208)
at org.testng.TestNG.runSuitesLocally(TestNG.java:1137)
at org.testng.TestNG.runSuites(TestNG.java:1049)
at org.testng.TestNG.run(TestNG.java:1017)
at org.testng.TestNG.privateMain(TestNG.java:1354)
at org.testng.TestNG.main(TestNG.java:1323)
]]>
            </full-stacktrace>
          </exception> <!-- java.lang.AssertionError -->
          <reporter-output>
          </reporter-output>
        </test-method> <!-- testGotoUrl -->
        <test-method status="FAIL" signature="testCreateAccount()[pri:10, instance:com.advantage.bsn.Selenium_CreateAccount@3fb6a447]" name="testCreateAccount" duration-ms="0" started-at="2023-04-24T19:19:06Z" description="Create Account" finished-at="2023-04-24T19:19:06Z">
          <exception class="java.lang.NullPointerException">
            <full-stacktrace>
              <![CDATA[java.lang.NullPointerException
at com.fmk.base.TSD_BaseClassDrivers.SyncPageToLoad(TSD_BaseClassDrivers.java:265)
at com.advantage.bsn.Selenium_CreateAccount.testCreateAccount(Selenium_CreateAccount.java:39)
at sun.reflect.NativeMethodAccessorImpl.invoke0(Native Method)
at sun.reflect.NativeMethodAccessorImpl.invoke(NativeMethodAccessorImpl.java:62)
at sun.reflect.DelegatingMethodAccessorImpl.invoke(DelegatingMethodAccessorImpl.java:43)
at java.lang.reflect.Method.invoke(Method.java:498)
at org.testng.internal.MethodInvocationHelper.invokeMethod(MethodInvocationHelper.java:124)
at org.testng.internal.Invoker.invokeMethod(Invoker.java:583)
at org.testng.internal.Invoker.invokeTestMethod(Invoker.java:719)
at org.testng.internal.Invoker.invokeTestMethods(Invoker.java:989)
at org.testng.internal.TestMethodWorker.invokeTestMethods(TestMethodWorker.java:125)
at org.testng.internal.TestMethodWorker.run(TestMethodWorker.java:109)
at org.testng.TestRunner.privateRun(TestRunner.java:648)
at org.testng.TestRunner.run(TestRunner.java:505)
at org.testng.SuiteRunner.runTest(SuiteRunner.java:455)
at org.testng.SuiteRunner.runSequentially(SuiteRunner.java:450)
at org.testng.SuiteRunner.privateRun(SuiteRunner.java:415)
at org.testng.SuiteRunner.run(SuiteRunner.java:364)
at org.testng.SuiteRunnerWorker.runSuite(SuiteRunnerWorker.java:52)
at org.testng.SuiteRunnerWorker.run(SuiteRunnerWorker.java:84)
at org.testng.TestNG.runSuitesSequentially(TestNG.java:1208)
at org.testng.TestNG.runSuitesLocally(TestNG.java:1137)
at org.testng.TestNG.runSuites(TestNG.java:1049)
at org.testng.TestNG.run(TestNG.java:1017)
at org.testng.TestNG.privateMain(TestNG.java:1354)
at org.testng.TestNG.main(TestNG.java:1323)
]]>
            </full-stacktrace>
          </exception> <!-- java.lang.NullPointerException -->
          <reporter-output>
          </reporter-output>
        </test-method> <!-- testCreateAccount -->
        <test-method status="PASS" signature="tearDown()[pri:0, instance:com.advantage.bsn.Selenium_CreateAccount@3fb6a447]" name="tearDown" is-config="true" duration-ms="0" started-at="2023-04-24T19:19:06Z" finished-at="2023-04-24T19:19:06Z">
          <reporter-output>
          </reporter-output>
        </test-method> <!-- tearDown -->
        <test-method status="PASS" signature="afterSuite()[pri:0, instance:com.advantage.bsn.Selenium_CreateAccount@3fb6a447]" name="afterSuite" is-config="true" duration-ms="0" started-at="2023-04-24T19:19:06Z" finished-at="2023-04-24T19:19:06Z">
          <reporter-output>
          </reporter-output>
        </test-method> <!-- afterSuite -->
      </class> <!-- com.advantage.bsn.Selenium_CreateAccount -->
    </test> <!-- Smoke - Chrome -->
  </suite> <!-- Advantange Shopping Regression Suite -->
</testng-results>
