<?xml version="1.0" encoding="UTF-8"?>
<testng-results skipped="0" failed="0" ignored="6" total="10" passed="4">
  <reporter-output>
  </reporter-output>
  <suite name="Advantange Shopping Regression Suite" duration-ms="223655" started-at="2024-02-22T06:18:53Z" finished-at="2024-02-22T06:22:36Z">
    <groups>
    </groups>
    <test name="Smoke - Chrome" duration-ms="223655" started-at="2024-02-22T06:18:53Z" finished-at="2024-02-22T06:22:36Z">
      <class name="com.advantage.bsn.Selenium_ContactUs">
        <test-method status="PASS" signature="setUpClass()[pri:0, instance:com.advantage.bsn.Selenium_ContactUs@5a61f5df]" name="setUpClass" is-config="true" duration-ms="1935" started-at="2024-02-22T06:18:53Z" finished-at="2024-02-22T06:18:54Z">
          <reporter-output>
          </reporter-output>
        </test-method> <!-- setUpClass -->
        <test-method status="PASS" signature="testContactUs()[pri:0, instance:com.advantage.bsn.Selenium_ContactUs@5a61f5df]" name="testContactUs" duration-ms="16237" started-at="2024-02-22T06:18:54Z" description="Contact Us - Happy Path" finished-at="2024-02-22T06:19:11Z">
          <reporter-output>
          </reporter-output>
        </test-method> <!-- testContactUs -->
        <test-method status="PASS" signature="tearDown()[pri:0, instance:com.advantage.bsn.Selenium_ContactUs@5a61f5df]" name="tearDown" is-config="true" duration-ms="114" started-at="2024-02-22T06:19:11Z" finished-at="2024-02-22T06:19:11Z">
          <reporter-output>
          </reporter-output>
        </test-method> <!-- tearDown -->
      </class> <!-- com.advantage.bsn.Selenium_ContactUs -->
      <class name="com.advantage.bsn.Selenium_ChatWithUs">
        <test-method status="PASS" signature="setUpClass()[pri:0, instance:com.advantage.bsn.Selenium_ChatWithUs@3551a94]" name="setUpClass" is-config="true" duration-ms="1131" started-at="2024-02-22T06:19:11Z" finished-at="2024-02-22T06:19:12Z">
          <reporter-output>
          </reporter-output>
        </test-method> <!-- setUpClass -->
        <test-method status="PASS" signature="chatWithUs()[pri:0, instance:com.advantage.bsn.Selenium_ChatWithUs@3551a94]" name="chatWithUs" duration-ms="7161" started-at="2024-02-22T06:19:12Z" description="Chat With US - Happy path " finished-at="2024-02-22T06:19:19Z">
          <reporter-output>
          </reporter-output>
        </test-method> <!-- chatWithUs -->
        <test-method status="PASS" signature="tearDown()[pri:0, instance:com.advantage.bsn.Selenium_ChatWithUs@3551a94]" name="tearDown" is-config="true" duration-ms="121" started-at="2024-02-22T06:19:19Z" finished-at="2024-02-22T06:19:19Z">
          <reporter-output>
          </reporter-output>
        </test-method> <!-- tearDown -->
      </class> <!-- com.advantage.bsn.Selenium_ChatWithUs -->
      <class name="com.advantage.bsn.Selenium_CreateAccount">
        <test-method status="PASS" signature="SetupEnv(org.testng.ITestContext)[pri:0, instance:com.advantage.bsn.Selenium_CreateAccount@7225790e]" name="SetupEnv" is-config="true" duration-ms="14" started-at="2024-02-22T06:18:53Z" finished-at="2024-02-22T06:18:53Z">
          <params>
            <param index="0">
              <value>
                <![CDATA[org.testng.TestRunner@53ab0286]]>
              </value>
            </param>
          </params>
          <reporter-output>
          </reporter-output>
        </test-method> <!-- SetupEnv -->
        <test-method status="PASS" signature="SetupTestSuite(java.lang.String, java.lang.String)[pri:0, instance:com.advantage.bsn.Selenium_CreateAccount@7225790e]" name="SetupTestSuite" is-config="true" duration-ms="4" started-at="2024-02-22T06:18:53Z" finished-at="2024-02-22T06:18:53Z">
          <params>
            <param index="0">
              <value>
                <![CDATA[chrome]]>
              </value>
            </param>
            <param index="1">
              <value>
                <![CDATA[4444]]>
              </value>
            </param>
          </params>
          <reporter-output>
          </reporter-output>
        </test-method> <!-- SetupTestSuite -->
        <test-method status="PASS" signature="setUpClass()[pri:0, instance:com.advantage.bsn.Selenium_CreateAccount@7225790e]" name="setUpClass" is-config="true" duration-ms="181561" started-at="2024-02-22T06:19:19Z" finished-at="2024-02-22T06:22:21Z">
          <reporter-output>
          </reporter-output>
        </test-method> <!-- setUpClass -->
        <test-method status="PASS" signature="testGotoUrl()[pri:5, instance:com.advantage.bsn.Selenium_CreateAccount@7225790e]" name="testGotoUrl" duration-ms="10233" started-at="2024-02-22T06:22:21Z" description="Goto URL" finished-at="2024-02-22T06:22:31Z">
          <reporter-output>
          </reporter-output>
        </test-method> <!-- testGotoUrl -->
        <test-method status="PASS" signature="testCreateAccount()[pri:10, instance:com.advantage.bsn.Selenium_CreateAccount@7225790e]" name="testCreateAccount" duration-ms="5030" started-at="2024-02-22T06:22:31Z" description="Create Account" finished-at="2024-02-22T06:22:36Z">
          <reporter-output>
          </reporter-output>
        </test-method> <!-- testCreateAccount -->
        <test-method status="PASS" signature="tearDown()[pri:0, instance:com.advantage.bsn.Selenium_CreateAccount@7225790e]" name="tearDown" is-config="true" duration-ms="113" started-at="2024-02-22T06:22:36Z" finished-at="2024-02-22T06:22:36Z">
          <reporter-output>
          </reporter-output>
        </test-method> <!-- tearDown -->
        <test-method status="PASS" signature="afterSuite()[pri:0, instance:com.advantage.bsn.Selenium_CreateAccount@7225790e]" name="afterSuite" is-config="true" duration-ms="51" started-at="2024-02-22T06:22:36Z" finished-at="2024-02-22T06:22:36Z">
          <reporter-output>
          </reporter-output>
        </test-method> <!-- afterSuite -->
      </class> <!-- com.advantage.bsn.Selenium_CreateAccount -->
    </test> <!-- Smoke - Chrome -->
  </suite> <!-- Advantange Shopping Regression Suite -->
</testng-results>
