<?xml version="1.0" encoding="UTF-8"?>
<testng-results skipped="0" failed="0" ignored="0" total="2" passed="2">
  <reporter-output>
  </reporter-output>
  <suite name="Advantange Shopping Regression Suite" duration-ms="14478" started-at="2023-04-25T01:44:01Z" finished-at="2023-04-25T01:44:15Z">
    <groups>
    </groups>
    <test name="Smoke - Chrome" duration-ms="14478" started-at="2023-04-25T01:44:01Z" finished-at="2023-04-25T01:44:15Z">
      <class name="com.advantage.bsn.Selenium_CreateAccount">
        <test-method status="PASS" signature="SetupEnv(org.testng.ITestContext)[pri:0, instance:com.advantage.bsn.Selenium_CreateAccount@3fb6a447]" name="SetupEnv" is-config="true" duration-ms="12" started-at="2023-04-25T01:44:01Z" finished-at="2023-04-25T01:44:01Z">
          <params>
            <param index="0">
              <value>
                <![CDATA[org.testng.TestRunner@22f31dec]]>
              </value>
            </param>
          </params>
          <reporter-output>
          </reporter-output>
        </test-method> <!-- SetupEnv -->
        <test-method status="PASS" signature="SetupTestSuite(java.lang.String, java.lang.String)[pri:0, instance:com.advantage.bsn.Selenium_CreateAccount@3fb6a447]" name="SetupTestSuite" is-config="true" duration-ms="3" started-at="2023-04-25T01:44:01Z" finished-at="2023-04-25T01:44:01Z">
          <params>
            <param index="0">
              <value>
                <![CDATA[chrome]]>
              </value>
            </param>
            <param index="1">
              <value>
                <![CDATA[4444]]>
              </value>
            </param>
          </params>
          <reporter-output>
          </reporter-output>
        </test-method> <!-- SetupTestSuite -->
        <test-method status="PASS" signature="setUpClass()[pri:0, instance:com.advantage.bsn.Selenium_CreateAccount@3fb6a447]" name="setUpClass" is-config="true" duration-ms="2442" started-at="2023-04-25T01:44:01Z" finished-at="2023-04-25T01:44:03Z">
          <reporter-output>
          </reporter-output>
        </test-method> <!-- setUpClass -->
        <test-method status="PASS" signature="testGotoUrl()[pri:5, instance:com.advantage.bsn.Selenium_CreateAccount@3fb6a447]" name="testGotoUrl" duration-ms="4677" started-at="2023-04-25T01:44:03Z" description="Goto URL" finished-at="2023-04-25T01:44:08Z">
          <reporter-output>
          </reporter-output>
        </test-method> <!-- testGotoUrl -->
        <test-method status="PASS" signature="testCreateAccount()[pri:10, instance:com.advantage.bsn.Selenium_CreateAccount@3fb6a447]" name="testCreateAccount" duration-ms="7225" started-at="2023-04-25T01:44:08Z" description="Create Account" finished-at="2023-04-25T01:44:15Z">
          <reporter-output>
          </reporter-output>
        </test-method> <!-- testCreateAccount -->
        <test-method status="PASS" signature="tearDown()[pri:0, instance:com.advantage.bsn.Selenium_CreateAccount@3fb6a447]" name="tearDown" is-config="true" duration-ms="119" started-at="2023-04-25T01:44:15Z" finished-at="2023-04-25T01:44:15Z">
          <reporter-output>
          </reporter-output>
        </test-method> <!-- tearDown -->
        <test-method status="PASS" signature="afterSuite()[pri:0, instance:com.advantage.bsn.Selenium_CreateAccount@3fb6a447]" name="afterSuite" is-config="true" duration-ms="33" started-at="2023-04-25T01:44:15Z" finished-at="2023-04-25T01:44:15Z">
          <reporter-output>
          </reporter-output>
        </test-method> <!-- afterSuite -->
      </class> <!-- com.advantage.bsn.Selenium_CreateAccount -->
    </test> <!-- Smoke - Chrome -->
  </suite> <!-- Advantange Shopping Regression Suite -->
</testng-results>
